2015-07-06 17:34:03.523 pphx[1035:51510] DiskCookieStorage changing policy from 2 to 0, cookie file: file:///Users/pennsong/Library/Developer/CoreSimulator/Devices/3135C982-82BB-40C8-B4B7-F5DDB124A1AE/data/Containers/Data/Application/C222B1CD-1819-4647-A812-9A7824DD85B9/Library/Cookies/Cookies.binarycookies
2015-07-06 17:34:03.767 pphx[1035:51510] Apache Cordova native platform version 3.8.0 is starting.
2015-07-06 17:34:03.767 pphx[1035:51510] Multi-tasking -> Device: YES, App: YES
2015-07-06 17:34:03.783 pphx[1035:51510] Unlimited access to network resources
2015-07-06 17:34:04.119 pphx[1035:51510] [CDVTimer][keyboard] 0.058055ms
2015-07-06 17:34:04.285 pphx[1035:51510] [CDVTimer][splashscreen] 165.136039ms
2015-07-06 17:34:04.285 pphx[1035:51510] [CDVTimer][TotalPluginStartup] 166.040003ms
2015-07-06 17:34:04.606 pphx[1035:51510] Resetting plugins due to page load.
2015-07-06 17:34:04.847 pphx[1035:51510] Finished load of: file:///Users/pennsong/Library/Developer/CoreSimulator/Devices/3135C982-82BB-40C8-B4B7-F5DDB124A1AE/data/Containers/Bundle/Application/918B1E59-2070-4892-9DED-EF4929182D09/pphx.app/www/index.html#/login
2015-07-06 17:34:09.288 pphx[1035:51535] Terminating since there is no system app.
2015-07-10 17:52:22.727 pphx[37037:296110] DiskCookieStorage changing policy from 2 to 0, cookie file: file:///Users/pennsong/Library/Developer/CoreSimulator/Devices/3135C982-82BB-40C8-B4B7-F5DDB124A1AE/data/Containers/Data/Application/21DFC908-4241-466D-82CE-024065544B52/Library/Cookies/Cookies.binarycookies
2015-07-10 17:52:22.999 pphx[37037:296110] Apache Cordova native platform version 3.8.0 is starting.
2015-07-10 17:52:22.999 pphx[37037:296110] Multi-tasking -> Device: YES, App: YES
2015-07-10 17:52:23.020 pphx[37037:296110] Unlimited access to network resources
2015-07-10 17:52:23.370 pphx[37037:296110] [CDVTimer][keyboard] 0.057995ms
2015-07-10 17:52:23.543 pphx[37037:296110] [CDVTimer][splashscreen] 172.600985ms
2015-07-10 17:52:23.543 pphx[37037:296110] [CDVTimer][TotalPluginStartup] 173.633993ms
2015-07-10 17:52:23.687 pphx[37037:296110] Resetting plugins due to page load.
2015-07-10 17:52:23.970 pphx[37037:296110] Finished load of: file:///Users/pennsong/Library/Developer/CoreSimulator/Devices/3135C982-82BB-40C8-B4B7-F5DDB124A1AE/data/Containers/Bundle/Application/9A72DE0C-573B-4BFB-AE49-53FF6CB48033/pphx.app/www/index.html#/login
2015-07-10 17:55:54.543 pphx[37351:298182] Apache Cordova native platform version 3.8.0 is starting.
2015-07-10 17:55:54.544 pphx[37351:298182] Multi-tasking -> Device: YES, App: YES
2015-07-10 17:55:54.546 pphx[37351:298182] Unlimited access to network resources
2015-07-10 17:55:54.620 pphx[37351:298182] [CDVTimer][keyboard] 0.063002ms
2015-07-10 17:55:54.635 pphx[37351:298182] [CDVTimer][splashscreen] 15.191019ms
2015-07-10 17:55:54.635 pphx[37351:298182] [CDVTimer][TotalPluginStartup] 15.599012ms
2015-07-10 17:55:54.694 pphx[37351:298182] Resetting plugins due to page load.
2015-07-10 17:55:54.874 pphx[37351:298182] Finished load of: file:///Users/pennsong/Library/Developer/CoreSimulator/Devices/3135C982-82BB-40C8-B4B7-F5DDB124A1AE/data/Containers/Bundle/Application/AB7CC0E2-93E2-4A1D-B569-EB359BBDEAD7/pphx.app/www/index.html#/login
2015-07-10 17:56:02.215 pphx[37351:298182] abc
2015-07-10 17:56:05.570 pphx[37351:298182] abc
2015-07-10 17:56:06.860 pphx[37351:298182] abc
2015-07-10 17:56:11.978 pphx[37351:298182] abc
2015-07-10 17:56:24.290 pphx[37351:298182] abc
2015-07-10 17:56:38.812 pphx[37351:298637] Terminating since there is no system app.
2015-07-10 17:56:50.829 pphx[37602:299709] Apache Cordova native platform version 3.8.0 is starting.
2015-07-10 17:56:50.830 pphx[37602:299709] Multi-tasking -> Device: YES, App: YES
2015-07-10 17:56:50.832 pphx[37602:299709] Unlimited access to network resources
2015-07-10 17:56:50.908 pphx[37602:299709] [CDVTimer][keyboard] 0.060976ms
2015-07-10 17:56:50.923 pphx[37602:299709] [CDVTimer][splashscreen] 15.160978ms
2015-07-10 17:56:50.923 pphx[37602:299709] [CDVTimer][TotalPluginStartup] 15.547037ms
2015-07-10 17:56:50.977 pphx[37602:299709] Resetting plugins due to page load.
2015-07-10 17:56:51.161 pphx[37602:299709] Finished load of: file:///Users/pennsong/Library/Developer/CoreSimulator/Devices/3135C982-82BB-40C8-B4B7-F5DDB124A1AE/data/Containers/Bundle/Application/CB9B1437-B5F1-4A42-8BFB-271684660F69/pphx.app/www/index.html#/login
2015-07-10 17:57:40.592 pphx[37998:301231] Apache Cordova native platform version 3.8.0 is starting.
2015-07-10 17:57:40.593 pphx[37998:301231] Multi-tasking -> Device: YES, App: YES
2015-07-10 17:57:40.594 pphx[37998:301231] Unlimited access to network resources
2015-07-10 17:57:40.669 pphx[37998:301231] [CDVTimer][keyboard] 0.065982ms
2015-07-10 17:57:40.683 pphx[37998:301231] [CDVTimer][splashscreen] 14.342964ms
2015-07-10 17:57:40.683 pphx[37998:301231] [CDVTimer][TotalPluginStartup] 14.737010ms
2015-07-10 17:57:40.739 pphx[37998:301231] Resetting plugins due to page load.
2015-07-10 17:57:40.914 pphx[37998:301231] Finished load of: file:///Users/pennsong/Library/Developer/CoreSimulator/Devices/3135C982-82BB-40C8-B4B7-F5DDB124A1AE/data/Containers/Bundle/Application/6B1B8AEE-C4C5-456A-BE4C-EE31F0837A49/pphx.app/www/index.html#/login
2015-07-10 17:58:04.199 pphx[38187:301961] Apache Cordova native platform version 3.8.0 is starting.
2015-07-10 17:58:04.200 pphx[38187:301961] Multi-tasking -> Device: YES, App: YES
2015-07-10 17:58:04.202 pphx[38187:301961] Unlimited access to network resources
2015-07-10 17:58:04.281 pphx[38187:301961] [CDVTimer][keyboard] 0.063002ms
2015-07-10 17:58:04.296 pphx[38187:301961] [CDVTimer][splashscreen] 15.099049ms
2015-07-10 17:58:04.296 pphx[38187:301961] [CDVTimer][TotalPluginStartup] 15.486002ms
2015-07-10 17:58:04.356 pphx[38187:301961] Resetting plugins due to page load.
2015-07-10 17:58:04.538 pphx[38187:301961] Finished load of: file:///Users/pennsong/Library/Developer/CoreSimulator/Devices/3135C982-82BB-40C8-B4B7-F5DDB124A1AE/data/Containers/Bundle/Application/2ED18C13-C234-45AF-BB92-843327F9632D/pphx.app/www/index.html#/login
2015-07-10 17:58:44.638 pphx[38187:302535] Terminating since there is no system app.
2015-07-10 18:06:42.015 pphx[40167:308921] Apache Cordova native platform version 3.8.0 is starting.
2015-07-10 18:06:42.016 pphx[40167:308921] Multi-tasking -> Device: YES, App: YES
2015-07-10 18:06:42.018 pphx[40167:308921] Unlimited access to network resources
2015-07-10 18:06:42.096 pphx[40167:308921] [CDVTimer][keyboard] 0.059009ms
2015-07-10 18:06:42.112 pphx[40167:308921] [CDVTimer][splashscreen] 15.209019ms
2015-07-10 18:06:42.112 pphx[40167:308921] [CDVTimer][TotalPluginStartup] 15.642047ms
2015-07-10 18:06:42.173 pphx[40167:308921] Resetting plugins due to page load.
2015-07-10 18:06:42.396 pphx[40167:308921] Finished load of: file:///Users/pennsong/Library/Developer/CoreSimulator/Devices/3135C982-82BB-40C8-B4B7-F5DDB124A1AE/data/Containers/Bundle/Application/08FCF978-1F6A-46E8-B3BD-8407118D0825/pphx.app/www/index.html#/login
2015-07-10 18:07:10.857 pphx[40167:308930] Communications error: <OS_xpc_error: <error: 0x2d6b5f4> { count = 1, contents =
	"XPCErrorDescription" => <string: 0x2d6b83c> { length = 22, contents = "Connection interrupted" }
}>
2015-07-10 18:07:21.095 pphx[40416:310239] Apache Cordova native platform version 3.8.0 is starting.
2015-07-10 18:07:21.096 pphx[40416:310239] Multi-tasking -> Device: YES, App: YES
2015-07-10 18:07:21.098 pphx[40416:310239] Unlimited access to network resources
2015-07-10 18:07:21.173 pphx[40416:310239] [CDVTimer][keyboard] 0.056982ms
2015-07-10 18:07:21.188 pphx[40416:310239] [CDVTimer][splashscreen] 14.685988ms
2015-07-10 18:07:21.188 pphx[40416:310239] [CDVTimer][TotalPluginStartup] 15.081048ms
2015-07-10 18:07:21.244 pphx[40416:310239] Resetting plugins due to page load.
2015-07-10 18:07:21.433 pphx[40416:310239] Finished load of: file:///Users/pennsong/Library/Developer/CoreSimulator/Devices/3135C982-82BB-40C8-B4B7-F5DDB124A1AE/data/Containers/Bundle/Application/449A0414-8B66-41EF-9F23-55FC7FA4BAD5/pphx.app/www/index.html#/login
2015-07-10 18:07:41.934 pphx[40416:310296] Terminating since there is no system app.
